<?xml version="1.0" encoding="UTF-8" ?>

<testsuite failures="0" time="1.343" errors="0" skipped="0" tests="4" name="BasicTest">
  <testcase classname="BasicTest" name="alta" time="0.359">
      </testcase>
  <testcase classname="BasicTest" name="buscar" time="0.953">
      </testcase>
  <testcase classname="BasicTest" name="cambio" time="0.031">
      </testcase>
  <testcase classname="BasicTest" name="del" time="0">
      </testcase>
</testsuite>
